<?xml version="1.0" encoding="UTF-8"?>
<!-- Generated by org.testng.reporters.JUnitReportReporter -->
<testsuite hostname="VJansi-LP" failures="0" tests="1" name="files.Sumvalidation" time="1.720" errors="0" timestamp="2024-06-03T16:43:19 IST" skipped="0">
  <testcase classname="files.Sumvalidation" name="SumCourses" time="1.720"/>
</testsuite> <!-- files.Sumvalidation -->
